0 info it worked if it ends with ok
1 verbose cli [ '/usr/local/Cellar/node/0.10.24/bin/node',
1 verbose cli   '/usr/local/bin/npm',
1 verbose cli   'publish' ]
2 info using npm@1.3.21
3 info using node@v0.10.24
4 verbose publish [ '.' ]
5 verbose cache add [ '.', null ]
6 verbose cache add name=undefined spec="." args=[".",null]
7 verbose parsed url { protocol: null,
7 verbose parsed url   slashes: null,
7 verbose parsed url   auth: null,
7 verbose parsed url   host: null,
7 verbose parsed url   port: null,
7 verbose parsed url   hostname: null,
7 verbose parsed url   hash: null,
7 verbose parsed url   search: null,
7 verbose parsed url   query: null,
7 verbose parsed url   pathname: '.',
7 verbose parsed url   path: '.',
7 verbose parsed url   href: '.' }
8 silly lockFile 3a52ce78- .
9 verbose lock . /Users/livefyre/.npm/3a52ce78-.lock
10 verbose tar pack [ '/var/folders/06/w6vpl0g940vgzgh_zbfr1p0r0000gn/T/npm-35265-3NJxpy33/1395946504457-0.670055830385536/tmp.tgz',
10 verbose tar pack   '.' ]
11 verbose tarball /var/folders/06/w6vpl0g940vgzgh_zbfr1p0r0000gn/T/npm-35265-3NJxpy33/1395946504457-0.670055830385536/tmp.tgz
12 verbose folder .
13 info prepublish livefyre@1.0.0
14 silly lockFile 1f1177db-tar tar://.
15 verbose lock tar://. /Users/livefyre/.npm/1f1177db-tar.lock
16 silly lockFile da680398-504457-0-670055830385536-tmp-tgz tar:///var/folders/06/w6vpl0g940vgzgh_zbfr1p0r0000gn/T/npm-35265-3NJxpy33/1395946504457-0.670055830385536/tmp.tgz
17 verbose lock tar:///var/folders/06/w6vpl0g940vgzgh_zbfr1p0r0000gn/T/npm-35265-3NJxpy33/1395946504457-0.670055830385536/tmp.tgz /Users/livefyre/.npm/da680398-504457-0-670055830385536-tmp-tgz.lock
18 silly lockFile 1f1177db-tar tar://.
19 silly lockFile 1f1177db-tar tar://.
20 silly lockFile da680398-504457-0-670055830385536-tmp-tgz tar:///var/folders/06/w6vpl0g940vgzgh_zbfr1p0r0000gn/T/npm-35265-3NJxpy33/1395946504457-0.670055830385536/tmp.tgz
21 silly lockFile da680398-504457-0-670055830385536-tmp-tgz tar:///var/folders/06/w6vpl0g940vgzgh_zbfr1p0r0000gn/T/npm-35265-3NJxpy33/1395946504457-0.670055830385536/tmp.tgz
22 verbose tar unpack /var/folders/06/w6vpl0g940vgzgh_zbfr1p0r0000gn/T/npm-35265-3NJxpy33/1395946504457-0.670055830385536/tmp.tgz
23 silly lockFile db3cc980-504457-0-670055830385536-package tar:///var/folders/06/w6vpl0g940vgzgh_zbfr1p0r0000gn/T/npm-35265-3NJxpy33/1395946504457-0.670055830385536/package
24 verbose lock tar:///var/folders/06/w6vpl0g940vgzgh_zbfr1p0r0000gn/T/npm-35265-3NJxpy33/1395946504457-0.670055830385536/package /Users/livefyre/.npm/db3cc980-504457-0-670055830385536-package.lock
25 silly lockFile da680398-504457-0-670055830385536-tmp-tgz tar:///var/folders/06/w6vpl0g940vgzgh_zbfr1p0r0000gn/T/npm-35265-3NJxpy33/1395946504457-0.670055830385536/tmp.tgz
26 verbose lock tar:///var/folders/06/w6vpl0g940vgzgh_zbfr1p0r0000gn/T/npm-35265-3NJxpy33/1395946504457-0.670055830385536/tmp.tgz /Users/livefyre/.npm/da680398-504457-0-670055830385536-tmp-tgz.lock
27 silly gunzTarPerm modes [ '755', '644' ]
28 silly gunzTarPerm extractEntry package.json
29 silly gunzTarPerm extractEntry .npmignore
30 silly gunzTarPerm extractEntry README.md
31 silly gunzTarPerm extractEntry LICENSE
32 silly gunzTarPerm extractEntry index.js
33 silly gunzTarPerm extractEntry .groc.json
34 silly gunzTarPerm extractEntry VERSION
35 silly gunzTarPerm extractEntry lib/livefyre.js
36 silly gunzTarPerm extractEntry test/livefyre.js
37 silly lockFile db3cc980-504457-0-670055830385536-package tar:///var/folders/06/w6vpl0g940vgzgh_zbfr1p0r0000gn/T/npm-35265-3NJxpy33/1395946504457-0.670055830385536/package
38 silly lockFile db3cc980-504457-0-670055830385536-package tar:///var/folders/06/w6vpl0g940vgzgh_zbfr1p0r0000gn/T/npm-35265-3NJxpy33/1395946504457-0.670055830385536/package
39 silly lockFile da680398-504457-0-670055830385536-tmp-tgz tar:///var/folders/06/w6vpl0g940vgzgh_zbfr1p0r0000gn/T/npm-35265-3NJxpy33/1395946504457-0.670055830385536/tmp.tgz
40 silly lockFile da680398-504457-0-670055830385536-tmp-tgz tar:///var/folders/06/w6vpl0g940vgzgh_zbfr1p0r0000gn/T/npm-35265-3NJxpy33/1395946504457-0.670055830385536/tmp.tgz
41 verbose tar pack [ '/Users/livefyre/.npm/livefyre/1.0.0/package.tgz',
41 verbose tar pack   '/var/folders/06/w6vpl0g940vgzgh_zbfr1p0r0000gn/T/npm-35265-3NJxpy33/1395946504457-0.670055830385536/package' ]
42 verbose tarball /Users/livefyre/.npm/livefyre/1.0.0/package.tgz
43 verbose folder /var/folders/06/w6vpl0g940vgzgh_zbfr1p0r0000gn/T/npm-35265-3NJxpy33/1395946504457-0.670055830385536/package
44 silly lockFile db3cc980-504457-0-670055830385536-package tar:///var/folders/06/w6vpl0g940vgzgh_zbfr1p0r0000gn/T/npm-35265-3NJxpy33/1395946504457-0.670055830385536/package
45 verbose lock tar:///var/folders/06/w6vpl0g940vgzgh_zbfr1p0r0000gn/T/npm-35265-3NJxpy33/1395946504457-0.670055830385536/package /Users/livefyre/.npm/db3cc980-504457-0-670055830385536-package.lock
46 silly lockFile 83d01867-e-npm-livefyre-1-0-0-package-tgz tar:///Users/livefyre/.npm/livefyre/1.0.0/package.tgz
47 verbose lock tar:///Users/livefyre/.npm/livefyre/1.0.0/package.tgz /Users/livefyre/.npm/83d01867-e-npm-livefyre-1-0-0-package-tgz.lock
48 silly lockFile db3cc980-504457-0-670055830385536-package tar:///var/folders/06/w6vpl0g940vgzgh_zbfr1p0r0000gn/T/npm-35265-3NJxpy33/1395946504457-0.670055830385536/package
49 silly lockFile db3cc980-504457-0-670055830385536-package tar:///var/folders/06/w6vpl0g940vgzgh_zbfr1p0r0000gn/T/npm-35265-3NJxpy33/1395946504457-0.670055830385536/package
50 silly lockFile 83d01867-e-npm-livefyre-1-0-0-package-tgz tar:///Users/livefyre/.npm/livefyre/1.0.0/package.tgz
51 silly lockFile 83d01867-e-npm-livefyre-1-0-0-package-tgz tar:///Users/livefyre/.npm/livefyre/1.0.0/package.tgz
52 silly lockFile 5a2af980-efyre-npm-livefyre-1-0-0-package /Users/livefyre/.npm/livefyre/1.0.0/package
53 verbose lock /Users/livefyre/.npm/livefyre/1.0.0/package /Users/livefyre/.npm/5a2af980-efyre-npm-livefyre-1-0-0-package.lock
54 silly lockFile 5a2af980-efyre-npm-livefyre-1-0-0-package /Users/livefyre/.npm/livefyre/1.0.0/package
55 silly lockFile 5a2af980-efyre-npm-livefyre-1-0-0-package /Users/livefyre/.npm/livefyre/1.0.0/package
56 verbose tar unpack /Users/livefyre/.npm/livefyre/1.0.0/package.tgz
57 silly lockFile e72bd02b-efyre-npm-livefyre-1-0-0-package tar:///Users/livefyre/.npm/livefyre/1.0.0/package
58 verbose lock tar:///Users/livefyre/.npm/livefyre/1.0.0/package /Users/livefyre/.npm/e72bd02b-efyre-npm-livefyre-1-0-0-package.lock
59 silly lockFile 83d01867-e-npm-livefyre-1-0-0-package-tgz tar:///Users/livefyre/.npm/livefyre/1.0.0/package.tgz
60 verbose lock tar:///Users/livefyre/.npm/livefyre/1.0.0/package.tgz /Users/livefyre/.npm/83d01867-e-npm-livefyre-1-0-0-package-tgz.lock
61 silly gunzTarPerm modes [ '755', '644' ]
62 silly gunzTarPerm extractEntry package.json
63 silly gunzTarPerm extractEntry .npmignore
64 silly gunzTarPerm extractEntry README.md
65 silly gunzTarPerm extractEntry LICENSE
66 silly gunzTarPerm extractEntry index.js
67 silly gunzTarPerm extractEntry .groc.json
68 silly gunzTarPerm extractEntry VERSION
69 silly gunzTarPerm extractEntry lib/livefyre.js
70 silly gunzTarPerm extractEntry test/livefyre.js
71 silly lockFile e72bd02b-efyre-npm-livefyre-1-0-0-package tar:///Users/livefyre/.npm/livefyre/1.0.0/package
72 silly lockFile e72bd02b-efyre-npm-livefyre-1-0-0-package tar:///Users/livefyre/.npm/livefyre/1.0.0/package
73 silly lockFile 83d01867-e-npm-livefyre-1-0-0-package-tgz tar:///Users/livefyre/.npm/livefyre/1.0.0/package.tgz
74 silly lockFile 83d01867-e-npm-livefyre-1-0-0-package-tgz tar:///Users/livefyre/.npm/livefyre/1.0.0/package.tgz
75 verbose chmod /Users/livefyre/.npm/livefyre/1.0.0/package.tgz 644
76 verbose chown /Users/livefyre/.npm/livefyre/1.0.0/package.tgz [ 501, 20 ]
77 silly lockFile 3a52ce78- .
78 silly lockFile 3a52ce78- .
79 silly publish { name: 'livefyre',
79 silly publish   version: '1.0.0',
79 silly publish   description: 'Livefyre NodeJS utility classes',
79 silly publish   author:
79 silly publish    { name: 'Livefyre',
79 silly publish      email: 'tools@livefyre.com',
79 silly publish      url: 'https://github.com/livefyre' },
79 silly publish   homepage: 'https://github.com/livefyre/livefyre-nodejs-utils',
79 silly publish   repository:
79 silly publish    { type: 'git',
79 silly publish      url: 'https://github.com/livefyre/livefyre-nodejs-utils.git' },
79 silly publish   directories: { lib: './lib' },
79 silly publish   main: './lib/livefyre',
79 silly publish   scripts: { test: './test/*.js' },
79 silly publish   dependencies:
79 silly publish    { validator: '=3.5.0',
79 silly publish      restler: '>=3.2.0',
79 silly publish      'jwt-simple': '=0.2.0' },
79 silly publish   devDependencies: { nodeunit: '0.8.6' },
79 silly publish   engines: { node: '>= 0.10.x' },
79 silly publish   readmeFilename: 'README.md',
79 silly publish   bugs: { url: 'https://github.com/livefyre/livefyre-nodejs-utils/issues' },
79 silly publish   licenses:
79 silly publish    [ { type: 'MIT',
79 silly publish        url: 'https://raw.githubusercontent.com/Livefyre/livefyre-nodejs-utils/master/LICENSE' } ],
79 silly publish   keywords: [ 'livefyre', 'utils', 'api' ],
79 silly publish   readme: '# Livefyre NodeJS Utility Classes\n[![NPM version](https://badge.fury.io/js/livefyre.png)](http://badge.fury.io/js/livefyre)\n\nLivefyre\'s official library for common server-side tasks necessary for getting Livefyre apps (comments, reviews, etc.) working on your website.\n\n## Installation\n\n    npm install livefyre\n\n## Usage\n\nCreating tokens:\n\n**Livefyre token:**\n\n```node\nvar network = livefyre.getNetwork(\'networkName\', \'networkKey\');\nnetwork.buildLfToken();\n```\n\n**User auth token:**\n\n```node\nvar network = livefyre.getNetwork(networkName, networkKey);\nnetwork.buildUserAuthToken(\'userId\', \'displayName\', expires);\n```\n\n**Collection meta token:**\n\n```node\nvar network = livefyre.getNetwork(\'networkName\', \'networkKey\');\n\nvar site = network.getSite(\'siteId\', \'siteKey\');\nsite.getCollectionMetaToken(\'title\', \'articleId\', \'url\', \'tag\', \'stream\');\n```\n\nTo validate a Livefyre token:\n\n```node\nvar network = livefyre.getNetwork(\'networkName\', \'networkKey\');\nnetwork.validateLivefyreToken(\'token\');\n```\n\nTo send Livefyre a user sync url and then have Livefyre pull user data from that url:\n\n```node\nvar network = livefyre.getNetwork(\'networkName\', \'networkKey\');\n\nnetwork.setUserSyncUrl(\'http://thisisa.test.url/{id}/\');\nnetwork.syncUser(\'system\');\n```\n\nTo retrieve content collection data:\n\n```node\nvar network = livefyre.getNetwork(\'networkName\', \'networkKey\');\n\nvar site = network.getSite(\'siteId\', \'siteKey\');\nsite.getCollectionContent(articleId);\n```\n\n## Documentation\nLocated [here](http://livefyre.github.io/livefyre-nodejs-utils/).\n\n## Contributing\n\n1. Fork it\n2. Create your feature branch (`git checkout -b my-new-feature`)\n3. Commit your changes (`git commit -am \'Add some feature\'`)\n4. Push to the branch (`git push origin my-new-feature`)\n5. Create new Pull Request\n\nNote: any feature update on any of Livefyre\'s libraries will need to be reflected on all language libraries. We will try and accommodate when we find a request useful, but please be aware of the time it may take.\n\nLicense\n=======\n\nMIT',
79 silly publish   _id: 'livefyre@1.0.0',
79 silly publish   dist: { shasum: '5cd1f92123c7115fbf170dfb425477cf220eda2e' },
79 silly publish   _from: '.' }
80 verbose url raw livefyre
81 verbose url resolving [ 'https://registry.npmjs.org/', './livefyre' ]
82 verbose url resolved https://registry.npmjs.org/livefyre
83 info trying registry request attempt 1 at 11:55:04
84 http PUT https://registry.npmjs.org/livefyre
85 http 403 https://registry.npmjs.org/livefyre
86 info trying registry request attempt 1 at 11:55:06
87 http PUT https://registry.npmjs.org/livefyre
88 http 403 https://registry.npmjs.org/livefyre
89 error publish Failed PUT 403
90 error Error: forbidden cannot modify pre-existing version: 1.0.0
90 error old={"name":"livefyre","version":"1.0.0","description":"Livefyre NodeJS utility classes","author":{"name":"Livefyre","email":"tools@livefyre.com","url":"https://github.com/livefyre"},"homepage":"https://github.com/livefyre/livefyre-nodejs-utils","repository":{"type":"git","url":"https://github.com/livefyre/livefyre-nodejs-utils.git"},"directories":{"lib":"./lib"},"main":"./lib/livefyre","scripts":{"test":"./test/*.js"},"dependencies":{"validator":"=3.5.0","restler":">=3.2.0","jwt-simple":"=0.2.0"},"devDependencies":{"nodeunit":"0.8.6"},"engines":{"node":">= 0.10.x"},"bugs":{"url":"https://github.com/livefyre/livefyre-nodejs-utils/issues"},"licenses":[{"type":"MIT","url":"https://raw.githubusercontent.com/Livefyre/livefyre-nodejs-utils/master/LICENSE"}],"keywords":["livefyre","utils","api"],"_id":"livefyre@1.0.0","dist":{"shasum":"84ad93805db8aee1d64479733c497100b89f6ecc","tarball":"http://registry.npmjs.org/livefyre/-/livefyre-1.0.0.tgz"},"_from":".","_npmVersion":"1.3.21","_npmUser":{"name":"livefyre","email":"tools@livefyre.com"},"maintainers":[{"name":"livefyre","email":"tools@livefyre.com"}]}
90 error new={"name":"livefyre","version":"1.0.0","description":"Livefyre NodeJS utility classes","author":{"name":"Livefyre","email":"tools@livefyre.com","url":"https://github.com/livefyre"},"homepage":"https://github.com/livefyre/livefyre-nodejs-utils","repository":{"type":"git","url":"https://github.com/livefyre/livefyre-nodejs-utils.git"},"directories":{"lib":"./lib"},"main":"./lib/livefyre","scripts":{"test":"./test/*.js"},"dependencies":{"validator":"=3.5.0","restler":">=3.2.0","jwt-simple":"=0.2.0"},"devDependencies":{"nodeunit":"0.8.6"},"engines":{"node":">= 0.10.x"},"readmeFilename":"README.md","bugs":{"url":"https://github.com/livefyre/livefyre-nodejs-utils/issues"},"licenses":[{"type":"MIT","url":"https://raw.githubusercontent.com/Livefyre/livefyre-nodejs-utils/master/LICENSE"}],"keywords":["livefyre","utils","api"],"readme":"# Livefyre NodeJS Utility Classes\u000a[![NPM version](https://badge.fury.io/js/livefyre.png)](http://badge.fury.io/js/livefyre)\u000a\u000aLivefyre's official library for common server-side tasks necessary for getting Livefyre apps (comments, reviews, etc.) working on your website.\u000a\u000a## Installation\u000a\u000a    npm install livefyre\u000a\u000a## Usage\u000a\u000aCreating tokens:\u000a\u000a**Livefyre token:**\u000a\u000a```node\u000avar network = livefyre.getNetwork('networkName', 'networkKey');\u000anetwork.buildLfToken();\u000a```\u000a\u000a**User auth token:**\u000a\u000a```node\u000avar network = livefyre.getNetwork(networkName, networkKey);\u000anetwork.buildUserAuthToken('userId', 'displayName', expires);\u000a```\u000a\u000a**Collection meta token:**\u000a\u000a```node\u000avar network = livefyre.getNetwork('networkName', 'networkKey');\u000a\u000avar site = network.getSite('siteId', 'siteKey');\u000asite.getCollectionMetaToken('title', 'articleId', 'url', 'tag', 'stream');\u000a```\u000a\u000aTo validate a Livefyre token:\u000a\u000a```node\u000avar network = livefyre.getNetwork('networkName', 'networkKey');\u000anetwork.validateLivefyreToken('token');\u000a```\u000a\u000aTo send Livefyre a user sync url and then have Livefyre pull user data from that url:\u000a\u000a```node\u000avar network = livefyre.getNetwork('networkName', 'networkKey');\u000a\u000anetwork.setUserSyncUrl('http://thisisa.test.url/{id}/');\u000anetwork.syncUser('system');\u000a```\u000a\u000aTo retrieve content collection data:\u000a\u000a```node\u000avar network = livefyre.getNetwork('networkName', 'networkKey');\u000a\u000avar site = network.getSite('siteId', 'siteKey');\u000asite.getCollectionContent(articleId);\u000a```\u000a\u000a## Documentation\u000aLocated [here](http://livefyre.github.io/livefyre-nodejs-utils/).\u000a\u000a## Contributing\u000a\u000a1. Fork it\u000a2. Create your feature branch (`git checkout -b my-new-feature`)\u000a3. Commit your changes (`git commit -am 'Add some feature'`)\u000a4. Push to the branch (`git push origin my-new-feature`)\u000a5. Create new Pull Request\u000a\u000aNote: any feature update on any of Livefyre's libraries will need to be reflected on all language libraries. We will try and accommodate when we find a request useful, but please be aware of the time it may take.\u000a\u000aLicense\u000a=======\u000a\u000aMIT","_id":"livefyre@1.0.0","dist":{"shasum":"5cd1f92123c7115fbf170dfb425477cf220eda2e","tarball":"http://registry.npmjs.org/livefyre/-/livefyre-1.0.0.tgz"},"_from":".","_npmVersion":"1.3.21","_npmUser":{"name":"livefyre","email":"tools@livefyre.com"},"maintainers":[{"name":"livefyre","email":"tools@livefyre.com"}]}: livefyre
90 error     at RegClient.<anonymous> (/usr/local/Cellar/node/0.10.24/lib/node_modules/npm/node_modules/npm-registry-client/lib/request.js:275:14)
90 error     at Request.self.callback (/usr/local/Cellar/node/0.10.24/lib/node_modules/npm/node_modules/request/request.js:123:22)
90 error     at Request.EventEmitter.emit (events.js:98:17)
90 error     at Request.<anonymous> (/usr/local/Cellar/node/0.10.24/lib/node_modules/npm/node_modules/request/request.js:893:14)
90 error     at Request.EventEmitter.emit (events.js:117:20)
90 error     at IncomingMessage.<anonymous> (/usr/local/Cellar/node/0.10.24/lib/node_modules/npm/node_modules/request/request.js:844:12)
90 error     at IncomingMessage.EventEmitter.emit (events.js:117:20)
90 error     at _stream_readable.js:920:16
90 error     at process._tickCallback (node.js:415:13)
91 error If you need help, you may report this *entire* log,
91 error including the npm and node versions, at:
91 error     <http://github.com/isaacs/npm/issues>
92 error System Darwin 13.1.0
93 error command "/usr/local/Cellar/node/0.10.24/bin/node" "/usr/local/bin/npm" "publish"
94 error cwd /Users/livefyre/development/javascriptdev/livefyre-nodejs-utils
95 error node -v v0.10.24
96 error npm -v 1.3.21
97 verbose exit [ 1, true ]
